<?xml version="1.0" encoding="UTF-8"?>
<coverage generated="1656422692041" clover="3.2.0">
  <project timestamp="1656422692042" name="All files">
    <metrics statements="62" coveredstatements="56" conditionals="31" coveredconditionals="26" methods="10" coveredmethods="9" elements="103" coveredelements="91" complexity="0" loc="62" ncloc="62" packages="1" files="3" classes="3"/>
    <file name="genDiff.js" path="/Users/alinaamirova/git/frontend-project-lvl2/src/genDiff.js">
      <metrics statements="26" coveredstatements="25" conditionals="14" coveredconditionals="13" methods="3" coveredmethods="3"/>
      <line num="5" count="1" type="stmt"/>
      <line num="6" count="6" type="stmt"/>
      <line num="7" count="4" type="stmt"/>
      <line num="9" count="3" type="stmt"/>
      <line num="11" count="39" type="cond" truecount="2" falsecount="0"/>
      <line num="12" count="11" type="stmt"/>
      <line num="15" count="28" type="cond" truecount="1" falsecount="1"/>
      <line num="16" count="0" type="stmt"/>
      <line num="19" count="28" type="stmt"/>
      <line num="20" count="28" type="stmt"/>
      <line num="21" count="28" type="stmt"/>
      <line num="22" count="28" type="stmt"/>
      <line num="23" count="28" type="stmt"/>
      <line num="24" count="61" type="stmt"/>
      <line num="25" count="61" type="stmt"/>
      <line num="27" count="61" type="cond" truecount="2" falsecount="0"/>
      <line num="28" count="5" type="stmt"/>
      <line num="30" count="56" type="cond" truecount="2" falsecount="0"/>
      <line num="31" count="8" type="stmt"/>
      <line num="34" count="48" type="cond" truecount="4" falsecount="0"/>
      <line num="35" count="15" type="stmt"/>
      <line num="37" count="33" type="cond" truecount="2" falsecount="0"/>
      <line num="40" count="28" type="stmt"/>
      <line num="42" count="3" type="stmt"/>
      <line num="43" count="3" type="stmt"/>
      <line num="45" count="3" type="stmt"/>
    </file>
    <file name="parsers.js" path="/Users/alinaamirova/git/frontend-project-lvl2/src/parsers.js">
      <metrics statements="18" coveredstatements="14" conditionals="6" coveredconditionals="3" methods="4" coveredmethods="3"/>
      <line num="7" count="2" type="stmt"/>
      <line num="8" count="2" type="stmt"/>
      <line num="10" count="16" type="stmt"/>
      <line num="11" count="2" type="stmt"/>
      <line num="12" count="16" type="stmt"/>
      <line num="13" count="16" type="stmt"/>
      <line num="14" count="16" type="stmt"/>
      <line num="18" count="16" type="stmt"/>
      <line num="19" count="16" type="stmt"/>
      <line num="21" count="16" type="stmt"/>
      <line num="22" count="0" type="cond" truecount="0" falsecount="2"/>
      <line num="23" count="0" type="stmt"/>
      <line num="25" count="0" type="stmt"/>
      <line num="28" count="16" type="cond" truecount="3" falsecount="1"/>
      <line num="30" count="8" type="stmt"/>
      <line num="32" count="5" type="stmt"/>
      <line num="34" count="0" type="stmt"/>
      <line num="36" count="3" type="stmt"/>
    </file>
    <file name="stylish.js" path="/Users/alinaamirova/git/frontend-project-lvl2/src/stylish.js">
      <metrics statements="18" coveredstatements="17" conditionals="11" coveredconditionals="10" methods="3" coveredmethods="3"/>
      <line num="7" count="3" type="stmt"/>
      <line num="8" count="39" type="cond" truecount="2" falsecount="0"/>
      <line num="9" count="11" type="stmt"/>
      <line num="12" count="28" type="stmt"/>
      <line num="13" count="28" type="stmt"/>
      <line num="15" count="28" type="stmt"/>
      <line num="17" count="28" type="cond" truecount="1" falsecount="1"/>
      <line num="18" count="0" type="stmt"/>
      <line num="21" count="28" type="stmt"/>
      <line num="22" count="61" type="cond" truecount="5" falsecount="0"/>
      <line num="24" count="15" type="stmt"/>
      <line num="26" count="29" type="stmt"/>
      <line num="28" count="4" type="stmt"/>
      <line num="30" count="8" type="stmt"/>
      <line num="32" count="5" type="stmt"/>
      <line num="35" count="28" type="stmt"/>
      <line num="36" count="28" type="stmt"/>
      <line num="38" count="3" type="stmt"/>
    </file>
  </project>
</coverage>
