<?xml version="1.0" encoding="UTF-8"?>
<coverage generated="1658039460414" clover="3.2.0">
  <project timestamp="1658039460414" name="All files">
    <metrics statements="91" coveredstatements="85" conditionals="53" coveredconditionals="46" methods="16" coveredmethods="16" elements="160" coveredelements="147" complexity="0" loc="91" ncloc="91" packages="3" files="6" classes="6"/>
    <package name="frontend-project-lvl2">
      <metrics statements="7" coveredstatements="6" conditionals="5" coveredconditionals="4" methods="1" coveredmethods="1"/>
      <file name="index.js" path="/Users/alinaamirova/git/frontend-project-lvl2/index.js">
        <metrics statements="7" coveredstatements="6" conditionals="5" coveredconditionals="4" methods="1" coveredmethods="1"/>
        <line num="6" count="1" type="cond" truecount="1" falsecount="0"/>
        <line num="7" count="4" type="stmt"/>
        <line num="8" count="4" type="cond" truecount="3" falsecount="1"/>
        <line num="11" count="1" type="stmt"/>
        <line num="14" count="2" type="stmt"/>
        <line num="17" count="1" type="stmt"/>
        <line num="19" count="0" type="stmt"/>
      </file>
    </package>
    <package name="frontend-project-lvl2.formatters">
      <metrics statements="41" coveredstatements="38" conditionals="29" coveredconditionals="25" methods="9" coveredmethods="9"/>
      <file name="json.js" path="/Users/alinaamirova/git/frontend-project-lvl2/formatters/json.js">
        <metrics statements="1" coveredstatements="1" conditionals="0" coveredconditionals="0" methods="1" coveredmethods="1"/>
        <line num="1" count="1" type="stmt"/>
      </file>
      <file name="plain.js" path="/Users/alinaamirova/git/frontend-project-lvl2/formatters/plain.js">
        <metrics statements="23" coveredstatements="21" conditionals="19" coveredconditionals="16" methods="5" coveredmethods="5"/>
        <line num="3" count="1" type="stmt"/>
        <line num="4" count="13" type="cond" truecount="4" falsecount="0"/>
        <line num="5" count="3" type="stmt"/>
        <line num="7" count="10" type="cond" truecount="5" falsecount="0"/>
        <line num="8" count="3" type="stmt"/>
        <line num="10" count="7" type="stmt"/>
        <line num="14" count="1" type="stmt"/>
        <line num="15" count="5" type="cond" truecount="2" falsecount="2"/>
        <line num="16" count="0" type="stmt"/>
        <line num="19" count="5" type="stmt"/>
        <line num="21" count="5" type="stmt"/>
        <line num="22" count="18" type="stmt"/>
        <line num="24" count="18" type="stmt"/>
        <line num="25" count="18" type="stmt"/>
        <line num="27" count="18" type="cond" truecount="5" falsecount="1"/>
        <line num="29" count="4" type="stmt"/>
        <line num="31" count="3" type="stmt"/>
        <line num="33" count="4" type="stmt"/>
        <line num="35" count="5" type="stmt"/>
        <line num="37" count="2" type="stmt"/>
        <line num="39" count="0" type="stmt"/>
        <line num="42" count="18" type="stmt"/>
        <line num="44" count="1" type="stmt"/>
      </file>
      <file name="stylish.js" path="/Users/alinaamirova/git/frontend-project-lvl2/formatters/stylish.js">
        <metrics statements="17" coveredstatements="16" conditionals="10" coveredconditionals="9" methods="3" coveredmethods="3"/>
        <line num="5" count="2" type="stmt"/>
        <line num="6" count="46" type="cond" truecount="2" falsecount="0"/>
        <line num="7" count="22" type="stmt"/>
        <line num="10" count="24" type="stmt"/>
        <line num="11" count="24" type="stmt"/>
        <line num="13" count="24" type="stmt"/>
        <line num="19" count="24" type="stmt"/>
        <line num="20" count="54" type="cond" truecount="5" falsecount="1"/>
        <line num="22" count="14" type="stmt"/>
        <line num="24" count="18" type="stmt"/>
        <line num="26" count="8" type="stmt"/>
        <line num="28" count="10" type="stmt"/>
        <line num="30" count="4" type="stmt"/>
        <line num="32" count="0" type="stmt"/>
        <line num="35" count="24" type="stmt"/>
        <line num="36" count="24" type="stmt"/>
        <line num="38" count="2" type="stmt"/>
      </file>
    </package>
    <package name="frontend-project-lvl2.src">
      <metrics statements="43" coveredstatements="41" conditionals="19" coveredconditionals="17" methods="6" coveredmethods="6"/>
      <file name="buildTree.js" path="/Users/alinaamirova/git/frontend-project-lvl2/src/buildTree.js">
        <metrics statements="25" coveredstatements="24" conditionals="14" coveredconditionals="13" methods="3" coveredmethods="3"/>
        <line num="4" count="1" type="stmt"/>
        <line num="5" count="4" type="stmt"/>
        <line num="6" count="4" type="stmt"/>
        <line num="8" count="4" type="stmt"/>
        <line num="9" count="92" type="cond" truecount="2" falsecount="0"/>
        <line num="10" count="44" type="stmt"/>
        <line num="13" count="48" type="cond" truecount="1" falsecount="1"/>
        <line num="14" count="0" type="stmt"/>
        <line num="17" count="48" type="stmt"/>
        <line num="18" count="48" type="stmt"/>
        <line num="19" count="48" type="stmt"/>
        <line num="20" count="48" type="stmt"/>
        <line num="22" count="48" type="stmt"/>
        <line num="23" count="108" type="stmt"/>
        <line num="24" count="108" type="stmt"/>
        <line num="26" count="108" type="cond" truecount="2" falsecount="0"/>
        <line num="27" count="8" type="stmt"/>
        <line num="29" count="100" type="cond" truecount="2" falsecount="0"/>
        <line num="30" count="20" type="stmt"/>
        <line num="33" count="80" type="cond" truecount="4" falsecount="0"/>
        <line num="34" count="28" type="stmt"/>
        <line num="36" count="52" type="cond" truecount="2" falsecount="0"/>
        <line num="39" count="48" type="stmt"/>
        <line num="41" count="4" type="stmt"/>
        <line num="43" count="4" type="stmt"/>
      </file>
      <file name="parsers.js" path="/Users/alinaamirova/git/frontend-project-lvl2/src/parsers.js">
        <metrics statements="18" coveredstatements="17" conditionals="5" coveredconditionals="4" methods="3" coveredmethods="3"/>
        <line num="7" count="2" type="stmt"/>
        <line num="8" count="2" type="stmt"/>
        <line num="10" count="16" type="stmt"/>
        <line num="11" count="2" type="stmt"/>
        <line num="12" count="16" type="stmt"/>
        <line num="13" count="16" type="stmt"/>
        <line num="14" count="16" type="stmt"/>
        <line num="18" count="16" type="stmt"/>
        <line num="19" count="16" type="stmt"/>
        <line num="21" count="16" type="stmt"/>
        <line num="22" count="16" type="stmt"/>
        <line num="23" count="15" type="cond" truecount="4" falsecount="1"/>
        <line num="25" count="8" type="stmt"/>
        <line num="27" count="3" type="stmt"/>
        <line num="29" count="0" type="stmt"/>
        <line num="31" count="3" type="stmt"/>
        <line num="33" count="1" type="stmt"/>
        <line num="36" count="2" type="stmt"/>
      </file>
    </package>
  </project>
</coverage>
