{"/Users/alinaamirova/git/frontend-project-lvl2/src/genDiff.js": {"path":"/Users/alinaamirova/git/frontend-project-lvl2/src/genDiff.js","statementMap":{"0":{"start":{"line":5,"column":16},"end":{"line":46,"column":1}},"1":{"start":{"line":6,"column":20},"end":{"line":6,"column":37}},"2":{"start":{"line":7,"column":21},"end":{"line":7,"column":38}},"3":{"start":{"line":9,"column":15},"end":{"line":41,"column":2}},"4":{"start":{"line":11,"column":4},"end":{"line":13,"column":5}},"5":{"start":{"line":12,"column":6},"end":{"line":12,"column":24}},"6":{"start":{"line":15,"column":4},"end":{"line":17,"column":5}},"7":{"start":{"line":16,"column":6},"end":{"line":16,"column":24}},"8":{"start":{"line":19,"column":20},"end":{"line":19,"column":38}},"9":{"start":{"line":20,"column":21},"end":{"line":20,"column":39}},"10":{"start":{"line":21,"column":15},"end":{"line":21,"column":52}},"11":{"start":{"line":22,"column":21},"end":{"line":22,"column":35}},"12":{"start":{"line":23,"column":17},"end":{"line":39,"column":4}},"13":{"start":{"line":24,"column":19},"end":{"line":24,"column":29}},"14":{"start":{"line":25,"column":19},"end":{"line":25,"column":29}},"15":{"start":{"line":27,"column":4},"end":{"line":29,"column":5}},"16":{"start":{"line":28,"column":6},"end":{"line":28,"column":74}},"17":{"start":{"line":30,"column":4},"end":{"line":32,"column":5}},"18":{"start":{"line":31,"column":6},"end":{"line":31,"column":72}},"19":{"start":{"line":34,"column":4},"end":{"line":38,"column":5}},"20":{"start":{"line":35,"column":6},"end":{"line":35,"column":72}},"21":{"start":{"line":37,"column":6},"end":{"line":37,"column":150}},"22":{"start":{"line":40,"column":2},"end":{"line":40,"column":26}},"23":{"start":{"line":42,"column":13},"end":{"line":42,"column":40}},"24":{"start":{"line":43,"column":20},"end":{"line":43,"column":33}},"25":{"start":{"line":45,"column":0},"end":{"line":45,"column":19}}},"fnMap":{"0":{"name":"(anonymous_0)","decl":{"start":{"line":5,"column":16},"end":{"line":5,"column":17}},"loc":{"start":{"line":5,"column":42},"end":{"line":46,"column":1}},"line":5},"1":{"name":"(anonymous_1)","decl":{"start":{"line":9,"column":15},"end":{"line":9,"column":16}},"loc":{"start":{"line":9,"column":33},"end":{"line":41,"column":2}},"line":9},"2":{"name":"(anonymous_2)","decl":{"start":{"line":23,"column":32},"end":{"line":23,"column":33}},"loc":{"start":{"line":23,"column":41},"end":{"line":39,"column":3}},"line":23}},"branchMap":{"0":{"loc":{"start":{"line":11,"column":4},"end":{"line":13,"column":5}},"type":"if","locations":[{"start":{"line":11,"column":4},"end":{"line":13,"column":5}},{"start":{},"end":{}}],"line":11},"1":{"loc":{"start":{"line":15,"column":4},"end":{"line":17,"column":5}},"type":"if","locations":[{"start":{"line":15,"column":4},"end":{"line":17,"column":5}},{"start":{},"end":{}}],"line":15},"2":{"loc":{"start":{"line":27,"column":4},"end":{"line":29,"column":5}},"type":"if","locations":[{"start":{"line":27,"column":4},"end":{"line":29,"column":5}},{"start":{},"end":{}}],"line":27},"3":{"loc":{"start":{"line":30,"column":4},"end":{"line":32,"column":5}},"type":"if","locations":[{"start":{"line":30,"column":4},"end":{"line":32,"column":5}},{"start":{},"end":{}}],"line":30},"4":{"loc":{"start":{"line":34,"column":4},"end":{"line":38,"column":5}},"type":"if","locations":[{"start":{"line":34,"column":4},"end":{"line":38,"column":5}},{"start":{"line":36,"column":11},"end":{"line":38,"column":5}}],"line":34},"5":{"loc":{"start":{"line":34,"column":8},"end":{"line":34,"column":66}},"type":"binary-expr","locations":[{"start":{"line":34,"column":8},"end":{"line":34,"column":35}},{"start":{"line":34,"column":39},"end":{"line":34,"column":66}}],"line":34},"6":{"loc":{"start":{"line":37,"column":13},"end":{"line":37,"column":149}},"type":"cond-expr","locations":[{"start":{"line":37,"column":33},"end":{"line":37,"column":68}},{"start":{"line":37,"column":71},"end":{"line":37,"column":149}}],"line":37}},"s":{"0":1,"1":6,"2":4,"3":3,"4":39,"5":11,"6":28,"7":0,"8":28,"9":28,"10":28,"11":28,"12":28,"13":61,"14":61,"15":61,"16":5,"17":56,"18":8,"19":48,"20":15,"21":33,"22":28,"23":3,"24":3,"25":3},"f":{"0":6,"1":39,"2":61},"b":{"0":[11,28],"1":[0,28],"2":[5,56],"3":[8,48],"4":[15,33],"5":[48,16],"6":[29,4]},"_coverageSchema":"1a1c01bbd47fc00a2c39e90264f33305004495a9","hash":"0be6711dc039bfc63b31079003f36dd7d548ac2f"}
,"/Users/alinaamirova/git/frontend-project-lvl2/src/parsers.js": {"path":"/Users/alinaamirova/git/frontend-project-lvl2/src/parsers.js","statementMap":{"0":{"start":{"line":7,"column":19},"end":{"line":7,"column":49}},"1":{"start":{"line":8,"column":18},"end":{"line":8,"column":42}},"2":{"start":{"line":10,"column":23},"end":{"line":10,"column":89}},"3":{"start":{"line":10,"column":37},"end":{"line":10,"column":89}},"4":{"start":{"line":11,"column":19},"end":{"line":15,"column":1}},"5":{"start":{"line":12,"column":18},"end":{"line":12,"column":36}},"6":{"start":{"line":13,"column":17},"end":{"line":13,"column":33}},"7":{"start":{"line":14,"column":2},"end":{"line":14,"column":16}},"8":{"start":{"line":18,"column":17},"end":{"line":18,"column":37}},"9":{"start":{"line":19,"column":15},"end":{"line":19,"column":39}},"10":{"start":{"line":21,"column":15},"end":{"line":26,"column":4}},"11":{"start":{"line":22,"column":4},"end":{"line":24,"column":5}},"12":{"start":{"line":23,"column":6},"end":{"line":23,"column":28}},"13":{"start":{"line":25,"column":4},"end":{"line":25,"column":16}},"14":{"start":{"line":28,"column":2},"end":{"line":37,"column":3}},"15":{"start":{"line":30,"column":6},"end":{"line":30,"column":30}},"16":{"start":{"line":32,"column":6},"end":{"line":32,"column":29}},"17":{"start":{"line":34,"column":6},"end":{"line":34,"column":29}},"18":{"start":{"line":36,"column":6},"end":{"line":36,"column":18}}},"fnMap":{"0":{"name":"(anonymous_0)","decl":{"start":{"line":10,"column":23},"end":{"line":10,"column":24}},"loc":{"start":{"line":10,"column":37},"end":{"line":10,"column":89}},"line":10},"1":{"name":"(anonymous_1)","decl":{"start":{"line":11,"column":19},"end":{"line":11,"column":20}},"loc":{"start":{"line":11,"column":29},"end":{"line":15,"column":1}},"line":11},"2":{"name":"(anonymous_2)","decl":{"start":{"line":17,"column":15},"end":{"line":17,"column":16}},"loc":{"start":{"line":17,"column":29},"end":{"line":38,"column":1}},"line":17},"3":{"name":"(anonymous_3)","decl":{"start":{"line":21,"column":46},"end":{"line":21,"column":47}},"loc":{"start":{"line":21,"column":61},"end":{"line":26,"column":3}},"line":21}},"branchMap":{"0":{"loc":{"start":{"line":22,"column":4},"end":{"line":24,"column":5}},"type":"if","locations":[{"start":{"line":22,"column":4},"end":{"line":24,"column":5}},{"start":{},"end":{}}],"line":22},"1":{"loc":{"start":{"line":28,"column":2},"end":{"line":37,"column":3}},"type":"switch","locations":[{"start":{"line":29,"column":4},"end":{"line":30,"column":30}},{"start":{"line":31,"column":4},"end":{"line":32,"column":29}},{"start":{"line":33,"column":4},"end":{"line":34,"column":29}},{"start":{"line":35,"column":4},"end":{"line":36,"column":18}}],"line":28}},"s":{"0":2,"1":2,"2":2,"3":16,"4":2,"5":16,"6":16,"7":16,"8":16,"9":16,"10":16,"11":0,"12":0,"13":0,"14":16,"15":8,"16":5,"17":0,"18":3},"f":{"0":16,"1":16,"2":16,"3":0},"b":{"0":[0,0],"1":[8,5,0,3]},"_coverageSchema":"1a1c01bbd47fc00a2c39e90264f33305004495a9","hash":"42602e0771c148c3c7bf5d1990f6a6856dc56c9a"}
,"/Users/alinaamirova/git/frontend-project-lvl2/src/stylish.js": {"path":"/Users/alinaamirova/git/frontend-project-lvl2/src/stylish.js","statementMap":{"0":{"start":{"line":7,"column":15},"end":{"line":37,"column":3}},"1":{"start":{"line":8,"column":4},"end":{"line":10,"column":5}},"2":{"start":{"line":9,"column":6},"end":{"line":9,"column":31}},"3":{"start":{"line":12,"column":25},"end":{"line":12,"column":44}},"4":{"start":{"line":13,"column":16},"end":{"line":13,"column":59}},"5":{"start":{"line":15,"column":18},"end":{"line":15,"column":36}},"6":{"start":{"line":17,"column":4},"end":{"line":19,"column":4}},"7":{"start":{"line":18,"column":5},"end":{"line":18,"column":30}},"8":{"start":{"line":21,"column":24},"end":{"line":34,"column":6}},"9":{"start":{"line":22,"column":6},"end":{"line":33,"column":7}},"10":{"start":{"line":24,"column":10},"end":{"line":24,"column":97}},"11":{"start":{"line":26,"column":10},"end":{"line":26,"column":80}},"12":{"start":{"line":28,"column":10},"end":{"line":28,"column":182}},"13":{"start":{"line":30,"column":10},"end":{"line":30,"column":97}},"14":{"start":{"line":32,"column":10},"end":{"line":32,"column":97}},"15":{"start":{"line":35,"column":24},"end":{"line":35,"column":67}},"16":{"start":{"line":36,"column":4},"end":{"line":36,"column":23}},"17":{"start":{"line":38,"column":2},"end":{"line":38,"column":23}}},"fnMap":{"0":{"name":"(anonymous_0)","decl":{"start":{"line":5,"column":15},"end":{"line":5,"column":16}},"loc":{"start":{"line":5,"column":59},"end":{"line":39,"column":1}},"line":5},"1":{"name":"(anonymous_1)","decl":{"start":{"line":7,"column":15},"end":{"line":7,"column":16}},"loc":{"start":{"line":7,"column":40},"end":{"line":37,"column":3}},"line":7},"2":{"name":"(anonymous_2)","decl":{"start":{"line":21,"column":34},"end":{"line":21,"column":35}},"loc":{"start":{"line":21,"column":44},"end":{"line":34,"column":5}},"line":21}},"branchMap":{"0":{"loc":{"start":{"line":5,"column":22},"end":{"line":5,"column":37}},"type":"default-arg","locations":[{"start":{"line":5,"column":33},"end":{"line":5,"column":37}}],"line":5},"1":{"loc":{"start":{"line":5,"column":39},"end":{"line":5,"column":54}},"type":"default-arg","locations":[{"start":{"line":5,"column":53},"end":{"line":5,"column":54}}],"line":5},"2":{"loc":{"start":{"line":8,"column":4},"end":{"line":10,"column":5}},"type":"if","locations":[{"start":{"line":8,"column":4},"end":{"line":10,"column":5}},{"start":{},"end":{}}],"line":8},"3":{"loc":{"start":{"line":17,"column":4},"end":{"line":19,"column":4}},"type":"if","locations":[{"start":{"line":17,"column":4},"end":{"line":19,"column":4}},{"start":{},"end":{}}],"line":17},"4":{"loc":{"start":{"line":22,"column":6},"end":{"line":33,"column":7}},"type":"switch","locations":[{"start":{"line":23,"column":8},"end":{"line":24,"column":97}},{"start":{"line":25,"column":8},"end":{"line":26,"column":80}},{"start":{"line":27,"column":8},"end":{"line":28,"column":182}},{"start":{"line":29,"column":8},"end":{"line":30,"column":97}},{"start":{"line":31,"column":8},"end":{"line":32,"column":97}}],"line":22}},"s":{"0":3,"1":39,"2":11,"3":28,"4":28,"5":28,"6":28,"7":0,"8":28,"9":61,"10":15,"11":29,"12":4,"13":8,"14":5,"15":28,"16":28,"17":3},"f":{"0":3,"1":39,"2":61},"b":{"0":[3],"1":[3],"2":[11,28],"3":[0,28],"4":[15,29,4,8,5]},"_coverageSchema":"1a1c01bbd47fc00a2c39e90264f33305004495a9","hash":"c351be0768c51bc057db4184ce2b01478d79de3c"}
}
