{"/Users/alinaamirova/git/frontend-project-lvl2/index.js": {"path":"/Users/alinaamirova/git/frontend-project-lvl2/index.js","statementMap":{"0":{"start":{"line":6,"column":16},"end":{"line":21,"column":1}},"1":{"start":{"line":7,"column":15},"end":{"line":7,"column":46}},"2":{"start":{"line":8,"column":2},"end":{"line":20,"column":3}},"3":{"start":{"line":11,"column":6},"end":{"line":11,"column":25}},"4":{"start":{"line":14,"column":6},"end":{"line":14,"column":27}},"5":{"start":{"line":17,"column":6},"end":{"line":17,"column":24}},"6":{"start":{"line":19,"column":6},"end":{"line":19,"column":47}}},"fnMap":{"0":{"name":"(anonymous_0)","decl":{"start":{"line":6,"column":16},"end":{"line":6,"column":17}},"loc":{"start":{"line":6,"column":61},"end":{"line":21,"column":1}},"line":6}},"branchMap":{"0":{"loc":{"start":{"line":6,"column":39},"end":{"line":6,"column":56}},"type":"default-arg","locations":[{"start":{"line":6,"column":47},"end":{"line":6,"column":56}}],"line":6},"1":{"loc":{"start":{"line":8,"column":2},"end":{"line":20,"column":3}},"type":"switch","locations":[{"start":{"line":9,"column":4},"end":{"line":11,"column":25}},{"start":{"line":12,"column":4},"end":{"line":14,"column":27}},{"start":{"line":15,"column":4},"end":{"line":17,"column":24}},{"start":{"line":18,"column":4},"end":{"line":19,"column":47}}],"line":8}},"s":{"0":1,"1":4,"2":4,"3":1,"4":2,"5":1,"6":0},"f":{"0":4},"b":{"0":[2],"1":[1,2,1,0]},"_coverageSchema":"1a1c01bbd47fc00a2c39e90264f33305004495a9","hash":"a6110de075b2dd8fe4dbc8affcb5be26859da5e5"}
,"/Users/alinaamirova/git/frontend-project-lvl2/formatters/json.js": {"path":"/Users/alinaamirova/git/frontend-project-lvl2/formatters/json.js","statementMap":{"0":{"start":{"line":1,"column":25},"end":{"line":1,"column":45}}},"fnMap":{"0":{"name":"(anonymous_0)","decl":{"start":{"line":1,"column":15},"end":{"line":1,"column":16}},"loc":{"start":{"line":1,"column":25},"end":{"line":1,"column":45}},"line":1}},"branchMap":{},"s":{"0":1},"f":{"0":1},"b":{},"_coverageSchema":"1a1c01bbd47fc00a2c39e90264f33305004495a9","hash":"2fbd1b882d0694aa619b55d39c0ef9fb0f4487cc"}
,"/Users/alinaamirova/git/frontend-project-lvl2/formatters/plain.js": {"path":"/Users/alinaamirova/git/frontend-project-lvl2/formatters/plain.js","statementMap":{"0":{"start":{"line":3,"column":21},"end":{"line":11,"column":1}},"1":{"start":{"line":4,"column":2},"end":{"line":6,"column":3}},"2":{"start":{"line":5,"column":4},"end":{"line":5,"column":29}},"3":{"start":{"line":7,"column":2},"end":{"line":9,"column":3}},"4":{"start":{"line":8,"column":4},"end":{"line":8,"column":21}},"5":{"start":{"line":10,"column":2},"end":{"line":10,"column":26}},"6":{"start":{"line":14,"column":15},"end":{"line":43,"column":3}},"7":{"start":{"line":15,"column":4},"end":{"line":17,"column":5}},"8":{"start":{"line":16,"column":6},"end":{"line":16,"column":23}},"9":{"start":{"line":19,"column":35},"end":{"line":19,"column":39}},"10":{"start":{"line":21,"column":19},"end":{"line":41,"column":6}},"11":{"start":{"line":22,"column":35},"end":{"line":22,"column":39}},"12":{"start":{"line":24,"column":25},"end":{"line":24,"column":45}},"13":{"start":{"line":25,"column":27},"end":{"line":25,"column":38}},"14":{"start":{"line":27,"column":6},"end":{"line":40,"column":7}},"15":{"start":{"line":29,"column":10},"end":{"line":29,"column":47}},"16":{"start":{"line":31,"column":10},"end":{"line":31,"column":20}},"17":{"start":{"line":33,"column":10},"end":{"line":33,"column":129}},"18":{"start":{"line":35,"column":10},"end":{"line":35,"column":101}},"19":{"start":{"line":37,"column":10},"end":{"line":37,"column":68}},"20":{"start":{"line":39,"column":10},"end":{"line":39,"column":57}},"21":{"start":{"line":42,"column":4},"end":{"line":42,"column":59}},"22":{"start":{"line":42,"column":35},"end":{"line":42,"column":46}},"23":{"start":{"line":44,"column":2},"end":{"line":44,"column":26}}},"fnMap":{"0":{"name":"(anonymous_0)","decl":{"start":{"line":3,"column":21},"end":{"line":3,"column":22}},"loc":{"start":{"line":3,"column":36},"end":{"line":11,"column":1}},"line":3},"1":{"name":"(anonymous_1)","decl":{"start":{"line":13,"column":15},"end":{"line":13,"column":16}},"loc":{"start":{"line":13,"column":27},"end":{"line":45,"column":1}},"line":13},"2":{"name":"(anonymous_2)","decl":{"start":{"line":14,"column":15},"end":{"line":14,"column":16}},"loc":{"start":{"line":14,"column":30},"end":{"line":43,"column":3}},"line":14},"3":{"name":"(anonymous_3)","decl":{"start":{"line":21,"column":35},"end":{"line":21,"column":36}},"loc":{"start":{"line":21,"column":45},"end":{"line":41,"column":5}},"line":21},"4":{"name":"(anonymous_4)","decl":{"start":{"line":42,"column":25},"end":{"line":42,"column":26}},"loc":{"start":{"line":42,"column":35},"end":{"line":42,"column":46}},"line":42}},"branchMap":{"0":{"loc":{"start":{"line":4,"column":2},"end":{"line":6,"column":3}},"type":"if","locations":[{"start":{"line":4,"column":2},"end":{"line":6,"column":3}},{"start":{},"end":{}}],"line":4},"1":{"loc":{"start":{"line":4,"column":6},"end":{"line":4,"column":51}},"type":"binary-expr","locations":[{"start":{"line":4,"column":6},"end":{"line":4,"column":27}},{"start":{"line":4,"column":31},"end":{"line":4,"column":51}}],"line":4},"2":{"loc":{"start":{"line":7,"column":2},"end":{"line":9,"column":3}},"type":"if","locations":[{"start":{"line":7,"column":2},"end":{"line":9,"column":3}},{"start":{},"end":{}}],"line":7},"3":{"loc":{"start":{"line":7,"column":6},"end":{"line":7,"column":75}},"type":"binary-expr","locations":[{"start":{"line":7,"column":6},"end":{"line":7,"column":26}},{"start":{"line":7,"column":30},"end":{"line":7,"column":51}},{"start":{"line":7,"column":55},"end":{"line":7,"column":75}}],"line":7},"4":{"loc":{"start":{"line":15,"column":4},"end":{"line":17,"column":5}},"type":"if","locations":[{"start":{"line":15,"column":4},"end":{"line":17,"column":5}},{"start":{},"end":{}}],"line":15},"5":{"loc":{"start":{"line":15,"column":8},"end":{"line":15,"column":45}},"type":"binary-expr","locations":[{"start":{"line":15,"column":8},"end":{"line":15,"column":25}},{"start":{"line":15,"column":29},"end":{"line":15,"column":45}}],"line":15},"6":{"loc":{"start":{"line":27,"column":6},"end":{"line":40,"column":7}},"type":"switch","locations":[{"start":{"line":28,"column":8},"end":{"line":29,"column":47}},{"start":{"line":30,"column":8},"end":{"line":31,"column":20}},{"start":{"line":32,"column":8},"end":{"line":33,"column":129}},{"start":{"line":34,"column":8},"end":{"line":35,"column":101}},{"start":{"line":36,"column":8},"end":{"line":37,"column":68}},{"start":{"line":38,"column":8},"end":{"line":39,"column":57}}],"line":27}},"s":{"0":1,"1":13,"2":3,"3":10,"4":3,"5":7,"6":1,"7":5,"8":0,"9":5,"10":5,"11":18,"12":18,"13":18,"14":18,"15":4,"16":3,"17":4,"18":5,"19":2,"20":0,"21":5,"22":18,"23":1},"f":{"0":13,"1":1,"2":5,"3":18,"4":18},"b":{"0":[3,10],"1":[13,10],"2":[3,7],"3":[10,9,8],"4":[0,5],"5":[5,0],"6":[4,3,4,5,2,0]},"_coverageSchema":"1a1c01bbd47fc00a2c39e90264f33305004495a9","hash":"51fc38825e3e858ba347de00ad6b56d34eb64396"}
,"/Users/alinaamirova/git/frontend-project-lvl2/formatters/stylish.js": {"path":"/Users/alinaamirova/git/frontend-project-lvl2/formatters/stylish.js","statementMap":{"0":{"start":{"line":5,"column":15},"end":{"line":37,"column":3}},"1":{"start":{"line":6,"column":4},"end":{"line":8,"column":5}},"2":{"start":{"line":7,"column":6},"end":{"line":7,"column":31}},"3":{"start":{"line":10,"column":25},"end":{"line":10,"column":44}},"4":{"start":{"line":11,"column":16},"end":{"line":11,"column":59}},"5":{"start":{"line":13,"column":35},"end":{"line":13,"column":47}},"6":{"start":{"line":19,"column":24},"end":{"line":34,"column":6}},"7":{"start":{"line":20,"column":6},"end":{"line":33,"column":7}},"8":{"start":{"line":22,"column":10},"end":{"line":22,"column":97}},"9":{"start":{"line":24,"column":10},"end":{"line":24,"column":80}},"10":{"start":{"line":26,"column":10},"end":{"line":26,"column":182}},"11":{"start":{"line":28,"column":10},"end":{"line":28,"column":97}},"12":{"start":{"line":30,"column":10},"end":{"line":30,"column":97}},"13":{"start":{"line":32,"column":10},"end":{"line":32,"column":57}},"14":{"start":{"line":35,"column":24},"end":{"line":35,"column":67}},"15":{"start":{"line":36,"column":4},"end":{"line":36,"column":23}},"16":{"start":{"line":38,"column":2},"end":{"line":38,"column":23}}},"fnMap":{"0":{"name":"(anonymous_0)","decl":{"start":{"line":4,"column":15},"end":{"line":4,"column":16}},"loc":{"start":{"line":4,"column":59},"end":{"line":39,"column":1}},"line":4},"1":{"name":"(anonymous_1)","decl":{"start":{"line":5,"column":15},"end":{"line":5,"column":16}},"loc":{"start":{"line":5,"column":40},"end":{"line":37,"column":3}},"line":5},"2":{"name":"(anonymous_2)","decl":{"start":{"line":19,"column":40},"end":{"line":19,"column":41}},"loc":{"start":{"line":19,"column":50},"end":{"line":34,"column":5}},"line":19}},"branchMap":{"0":{"loc":{"start":{"line":4,"column":22},"end":{"line":4,"column":37}},"type":"default-arg","locations":[{"start":{"line":4,"column":33},"end":{"line":4,"column":37}}],"line":4},"1":{"loc":{"start":{"line":4,"column":39},"end":{"line":4,"column":54}},"type":"default-arg","locations":[{"start":{"line":4,"column":53},"end":{"line":4,"column":54}}],"line":4},"2":{"loc":{"start":{"line":6,"column":4},"end":{"line":8,"column":5}},"type":"if","locations":[{"start":{"line":6,"column":4},"end":{"line":8,"column":5}},{"start":{},"end":{}}],"line":6},"3":{"loc":{"start":{"line":20,"column":6},"end":{"line":33,"column":7}},"type":"switch","locations":[{"start":{"line":21,"column":8},"end":{"line":22,"column":97}},{"start":{"line":23,"column":8},"end":{"line":24,"column":80}},{"start":{"line":25,"column":8},"end":{"line":26,"column":182}},{"start":{"line":27,"column":8},"end":{"line":28,"column":97}},{"start":{"line":29,"column":8},"end":{"line":30,"column":97}},{"start":{"line":31,"column":8},"end":{"line":32,"column":57}}],"line":20}},"s":{"0":2,"1":46,"2":22,"3":24,"4":24,"5":24,"6":24,"7":54,"8":14,"9":18,"10":8,"11":10,"12":4,"13":0,"14":24,"15":24,"16":2},"f":{"0":2,"1":46,"2":54},"b":{"0":[2],"1":[2],"2":[22,24],"3":[14,18,8,10,4,0]},"_coverageSchema":"1a1c01bbd47fc00a2c39e90264f33305004495a9","hash":"e04c7a9994a84b069cce0f127ce0d17eba1146ec"}
,"/Users/alinaamirova/git/frontend-project-lvl2/src/buildTree.js": {"path":"/Users/alinaamirova/git/frontend-project-lvl2/src/buildTree.js","statementMap":{"0":{"start":{"line":4,"column":18},"end":{"line":44,"column":1}},"1":{"start":{"line":5,"column":20},"end":{"line":5,"column":37}},"2":{"start":{"line":6,"column":21},"end":{"line":6,"column":38}},"3":{"start":{"line":8,"column":15},"end":{"line":40,"column":3}},"4":{"start":{"line":9,"column":4},"end":{"line":11,"column":5}},"5":{"start":{"line":10,"column":6},"end":{"line":10,"column":24}},"6":{"start":{"line":13,"column":4},"end":{"line":15,"column":5}},"7":{"start":{"line":14,"column":6},"end":{"line":14,"column":24}},"8":{"start":{"line":17,"column":22},"end":{"line":17,"column":40}},"9":{"start":{"line":18,"column":23},"end":{"line":18,"column":41}},"10":{"start":{"line":19,"column":17},"end":{"line":19,"column":54}},"11":{"start":{"line":20,"column":23},"end":{"line":20,"column":37}},"12":{"start":{"line":22,"column":19},"end":{"line":37,"column":6}},"13":{"start":{"line":23,"column":21},"end":{"line":23,"column":31}},"14":{"start":{"line":24,"column":21},"end":{"line":24,"column":31}},"15":{"start":{"line":26,"column":6},"end":{"line":28,"column":7}},"16":{"start":{"line":27,"column":8},"end":{"line":27,"column":77}},"17":{"start":{"line":29,"column":6},"end":{"line":31,"column":7}},"18":{"start":{"line":30,"column":8},"end":{"line":30,"column":75}},"19":{"start":{"line":33,"column":6},"end":{"line":35,"column":7}},"20":{"start":{"line":34,"column":8},"end":{"line":34,"column":76}},"21":{"start":{"line":36,"column":6},"end":{"line":36,"column":152}},"22":{"start":{"line":39,"column":4},"end":{"line":39,"column":43}},"23":{"start":{"line":41,"column":15},"end":{"line":41,"column":42}},"24":{"start":{"line":43,"column":2},"end":{"line":43,"column":14}}},"fnMap":{"0":{"name":"(anonymous_0)","decl":{"start":{"line":4,"column":18},"end":{"line":4,"column":19}},"loc":{"start":{"line":4,"column":44},"end":{"line":44,"column":1}},"line":4},"1":{"name":"(anonymous_1)","decl":{"start":{"line":8,"column":15},"end":{"line":8,"column":16}},"loc":{"start":{"line":8,"column":33},"end":{"line":40,"column":3}},"line":8},"2":{"name":"(anonymous_2)","decl":{"start":{"line":22,"column":34},"end":{"line":22,"column":35}},"loc":{"start":{"line":22,"column":43},"end":{"line":37,"column":5}},"line":22}},"branchMap":{"0":{"loc":{"start":{"line":9,"column":4},"end":{"line":11,"column":5}},"type":"if","locations":[{"start":{"line":9,"column":4},"end":{"line":11,"column":5}},{"start":{},"end":{}}],"line":9},"1":{"loc":{"start":{"line":13,"column":4},"end":{"line":15,"column":5}},"type":"if","locations":[{"start":{"line":13,"column":4},"end":{"line":15,"column":5}},{"start":{},"end":{}}],"line":13},"2":{"loc":{"start":{"line":26,"column":6},"end":{"line":28,"column":7}},"type":"if","locations":[{"start":{"line":26,"column":6},"end":{"line":28,"column":7}},{"start":{},"end":{}}],"line":26},"3":{"loc":{"start":{"line":29,"column":6},"end":{"line":31,"column":7}},"type":"if","locations":[{"start":{"line":29,"column":6},"end":{"line":31,"column":7}},{"start":{},"end":{}}],"line":29},"4":{"loc":{"start":{"line":33,"column":6},"end":{"line":35,"column":7}},"type":"if","locations":[{"start":{"line":33,"column":6},"end":{"line":35,"column":7}},{"start":{},"end":{}}],"line":33},"5":{"loc":{"start":{"line":33,"column":10},"end":{"line":33,"column":68}},"type":"binary-expr","locations":[{"start":{"line":33,"column":10},"end":{"line":33,"column":37}},{"start":{"line":33,"column":41},"end":{"line":33,"column":68}}],"line":33},"6":{"loc":{"start":{"line":36,"column":13},"end":{"line":36,"column":151}},"type":"cond-expr","locations":[{"start":{"line":36,"column":33},"end":{"line":36,"column":69}},{"start":{"line":36,"column":72},"end":{"line":36,"column":151}}],"line":36}},"s":{"0":1,"1":4,"2":4,"3":4,"4":92,"5":44,"6":48,"7":0,"8":48,"9":48,"10":48,"11":48,"12":48,"13":108,"14":108,"15":108,"16":8,"17":100,"18":20,"19":80,"20":28,"21":52,"22":48,"23":4,"24":4},"f":{"0":4,"1":92,"2":108},"b":{"0":[44,48],"1":[0,48],"2":[8,100],"3":[20,80],"4":[28,52],"5":[80,32],"6":[36,16]},"_coverageSchema":"1a1c01bbd47fc00a2c39e90264f33305004495a9","hash":"b638faae110b16452efd1f33f166247444a5fd5b"}
,"/Users/alinaamirova/git/frontend-project-lvl2/src/parsers.js": {"path":"/Users/alinaamirova/git/frontend-project-lvl2/src/parsers.js","statementMap":{"0":{"start":{"line":7,"column":19},"end":{"line":7,"column":49}},"1":{"start":{"line":8,"column":18},"end":{"line":8,"column":42}},"2":{"start":{"line":10,"column":23},"end":{"line":10,"column":89}},"3":{"start":{"line":10,"column":37},"end":{"line":10,"column":89}},"4":{"start":{"line":11,"column":19},"end":{"line":15,"column":1}},"5":{"start":{"line":12,"column":18},"end":{"line":12,"column":36}},"6":{"start":{"line":13,"column":17},"end":{"line":13,"column":33}},"7":{"start":{"line":14,"column":2},"end":{"line":14,"column":16}},"8":{"start":{"line":18,"column":17},"end":{"line":18,"column":37}},"9":{"start":{"line":19,"column":22},"end":{"line":19,"column":46}},"10":{"start":{"line":21,"column":2},"end":{"line":37,"column":3}},"11":{"start":{"line":22,"column":17},"end":{"line":22,"column":54}},"12":{"start":{"line":23,"column":4},"end":{"line":34,"column":5}},"13":{"start":{"line":25,"column":8},"end":{"line":25,"column":32}},"14":{"start":{"line":27,"column":8},"end":{"line":27,"column":31}},"15":{"start":{"line":29,"column":8},"end":{"line":29,"column":31}},"16":{"start":{"line":31,"column":8},"end":{"line":31,"column":20}},"17":{"start":{"line":33,"column":8},"end":{"line":33,"column":43}},"18":{"start":{"line":36,"column":4},"end":{"line":36,"column":55}}},"fnMap":{"0":{"name":"(anonymous_0)","decl":{"start":{"line":10,"column":23},"end":{"line":10,"column":24}},"loc":{"start":{"line":10,"column":37},"end":{"line":10,"column":89}},"line":10},"1":{"name":"(anonymous_1)","decl":{"start":{"line":11,"column":19},"end":{"line":11,"column":20}},"loc":{"start":{"line":11,"column":29},"end":{"line":15,"column":1}},"line":11},"2":{"name":"(anonymous_2)","decl":{"start":{"line":17,"column":15},"end":{"line":17,"column":16}},"loc":{"start":{"line":17,"column":29},"end":{"line":38,"column":1}},"line":17}},"branchMap":{"0":{"loc":{"start":{"line":23,"column":4},"end":{"line":34,"column":5}},"type":"switch","locations":[{"start":{"line":24,"column":6},"end":{"line":25,"column":32}},{"start":{"line":26,"column":6},"end":{"line":27,"column":31}},{"start":{"line":28,"column":6},"end":{"line":29,"column":31}},{"start":{"line":30,"column":6},"end":{"line":31,"column":20}},{"start":{"line":32,"column":6},"end":{"line":33,"column":43}}],"line":23}},"s":{"0":2,"1":2,"2":2,"3":16,"4":2,"5":16,"6":16,"7":16,"8":16,"9":16,"10":16,"11":16,"12":15,"13":8,"14":3,"15":0,"16":3,"17":1,"18":2},"f":{"0":16,"1":16,"2":16},"b":{"0":[8,3,0,3,1]},"_coverageSchema":"1a1c01bbd47fc00a2c39e90264f33305004495a9","hash":"8ef9b4bf4414379c3411de0fe7aa1b61dc1ed72c"}
}
