TN:
SF:src/genDiff.js
FN:5,(anonymous_0)
FN:9,(anonymous_1)
FN:23,(anonymous_2)
FNF:3
FNH:3
FNDA:6,(anonymous_0)
FNDA:39,(anonymous_1)
FNDA:61,(anonymous_2)
DA:5,1
DA:6,6
DA:7,4
DA:9,3
DA:11,39
DA:12,11
DA:15,28
DA:16,0
DA:19,28
DA:20,28
DA:21,28
DA:22,28
DA:23,28
DA:24,61
DA:25,61
DA:27,61
DA:28,5
DA:30,56
DA:31,8
DA:34,48
DA:35,15
DA:37,33
DA:40,28
DA:42,3
DA:43,3
DA:45,3
LF:26
LH:25
BRDA:11,0,0,11
BRDA:11,0,1,28
BRDA:15,1,0,0
BRDA:15,1,1,28
BRDA:27,2,0,5
BRDA:27,2,1,56
BRDA:30,3,0,8
BRDA:30,3,1,48
BRDA:34,4,0,15
BRDA:34,4,1,33
BRDA:34,5,0,48
BRDA:34,5,1,16
BRDA:37,6,0,29
BRDA:37,6,1,4
BRF:14
BRH:13
end_of_record
TN:
SF:src/parsers.js
FN:10,(anonymous_0)
FN:11,(anonymous_1)
FN:17,(anonymous_2)
FN:21,(anonymous_3)
FNF:4
FNH:3
FNDA:16,(anonymous_0)
FNDA:16,(anonymous_1)
FNDA:16,(anonymous_2)
FNDA:0,(anonymous_3)
DA:7,2
DA:8,2
DA:10,16
DA:11,2
DA:12,16
DA:13,16
DA:14,16
DA:18,16
DA:19,16
DA:21,16
DA:22,0
DA:23,0
DA:25,0
DA:28,16
DA:30,8
DA:32,5
DA:34,0
DA:36,3
LF:18
LH:14
BRDA:22,0,0,0
BRDA:22,0,1,0
BRDA:28,1,0,8
BRDA:28,1,1,5
BRDA:28,1,2,0
BRDA:28,1,3,3
BRF:6
BRH:3
end_of_record
TN:
SF:src/stylish.js
FN:5,(anonymous_0)
FN:7,(anonymous_1)
FN:21,(anonymous_2)
FNF:3
FNH:3
FNDA:3,(anonymous_0)
FNDA:39,(anonymous_1)
FNDA:61,(anonymous_2)
DA:7,3
DA:8,39
DA:9,11
DA:12,28
DA:13,28
DA:15,28
DA:17,28
DA:18,0
DA:21,28
DA:22,61
DA:24,15
DA:26,29
DA:28,4
DA:30,8
DA:32,5
DA:35,28
DA:36,28
DA:38,3
LF:18
LH:17
BRDA:5,0,0,3
BRDA:5,1,0,3
BRDA:8,2,0,11
BRDA:8,2,1,28
BRDA:17,3,0,0
BRDA:17,3,1,28
BRDA:22,4,0,15
BRDA:22,4,1,29
BRDA:22,4,2,4
BRDA:22,4,3,8
BRDA:22,4,4,5
BRF:11
BRH:10
end_of_record
