TN:
SF:index.js
FN:6,(anonymous_0)
FNF:1
FNH:1
FNDA:4,(anonymous_0)
DA:6,1
DA:7,4
DA:8,4
DA:10,1
DA:12,2
DA:14,1
DA:16,0
DA:18,0
DA:19,0
LF:9
LH:6
BRDA:6,0,0,2
BRDA:8,1,0,1
BRDA:8,1,1,2
BRDA:8,1,2,1
BRDA:8,1,3,0
BRF:5
BRH:4
end_of_record
TN:
SF:formatters/json.js
FN:1,(anonymous_0)
FNF:1
FNH:1
FNDA:1,(anonymous_0)
DA:1,1
LF:1
LH:1
BRF:0
BRH:0
end_of_record
TN:
SF:formatters/plain.js
FN:3,(anonymous_0)
FN:13,(anonymous_1)
FN:14,(anonymous_2)
FN:21,(anonymous_3)
FN:43,(anonymous_4)
FNF:5
FNH:5
FNDA:13,(anonymous_0)
FNDA:1,(anonymous_1)
FNDA:5,(anonymous_2)
FNDA:18,(anonymous_3)
FNDA:18,(anonymous_4)
DA:3,1
DA:4,13
DA:5,3
DA:7,10
DA:8,3
DA:10,7
DA:14,1
DA:15,5
DA:16,0
DA:19,5
DA:21,5
DA:22,18
DA:24,18
DA:25,18
DA:27,18
DA:29,4
DA:31,3
DA:33,4
DA:35,5
DA:37,2
DA:39,0
DA:41,0
DA:43,18
DA:45,1
LF:24
LH:21
BRDA:4,0,0,3
BRDA:4,0,1,10
BRDA:4,1,0,13
BRDA:4,1,1,10
BRDA:7,2,0,3
BRDA:7,2,1,7
BRDA:7,3,0,10
BRDA:7,3,1,9
BRDA:7,3,2,8
BRDA:15,4,0,0
BRDA:15,4,1,5
BRDA:15,5,0,5
BRDA:15,5,1,0
BRDA:27,6,0,4
BRDA:27,6,1,3
BRDA:27,6,2,4
BRDA:27,6,3,5
BRDA:27,6,4,2
BRDA:27,6,5,0
BRF:19
BRH:16
end_of_record
TN:
SF:formatters/stylish.js
FN:4,(anonymous_0)
FN:5,(anonymous_1)
FN:19,(anonymous_2)
FNF:3
FNH:3
FNDA:2,(anonymous_0)
FNDA:46,(anonymous_1)
FNDA:54,(anonymous_2)
DA:5,2
DA:6,46
DA:7,22
DA:10,24
DA:11,24
DA:13,24
DA:19,24
DA:20,54
DA:22,14
DA:24,18
DA:26,8
DA:28,10
DA:30,4
DA:32,0
DA:34,0
DA:36,24
DA:37,24
DA:39,2
LF:18
LH:16
BRDA:4,0,0,2
BRDA:4,1,0,2
BRDA:6,2,0,22
BRDA:6,2,1,24
BRDA:20,3,0,14
BRDA:20,3,1,18
BRDA:20,3,2,8
BRDA:20,3,3,10
BRDA:20,3,4,4
BRDA:20,3,5,0
BRF:10
BRH:9
end_of_record
TN:
SF:src/buildTree.js
FN:4,(anonymous_0)
FN:8,(anonymous_1)
FN:22,(anonymous_2)
FNF:3
FNH:3
FNDA:4,(anonymous_0)
FNDA:92,(anonymous_1)
FNDA:108,(anonymous_2)
DA:4,1
DA:5,4
DA:6,4
DA:8,4
DA:9,92
DA:10,44
DA:13,48
DA:14,0
DA:17,48
DA:18,48
DA:19,48
DA:20,48
DA:22,48
DA:23,108
DA:24,108
DA:26,108
DA:27,8
DA:29,100
DA:30,20
DA:33,80
DA:34,28
DA:36,52
DA:39,48
DA:41,4
DA:43,4
LF:25
LH:24
BRDA:9,0,0,44
BRDA:9,0,1,48
BRDA:13,1,0,0
BRDA:13,1,1,48
BRDA:26,2,0,8
BRDA:26,2,1,100
BRDA:29,3,0,20
BRDA:29,3,1,80
BRDA:33,4,0,28
BRDA:33,4,1,52
BRDA:33,5,0,80
BRDA:33,5,1,32
BRDA:36,6,0,36
BRDA:36,6,1,16
BRF:14
BRH:13
end_of_record
TN:
SF:src/parsers.js
FN:10,(anonymous_0)
FN:11,(anonymous_1)
FN:17,(anonymous_2)
FN:22,(anonymous_3)
FNF:4
FNH:3
FNDA:14,(anonymous_0)
FNDA:14,(anonymous_1)
FNDA:14,(anonymous_2)
FNDA:0,(anonymous_3)
DA:7,2
DA:8,2
DA:10,14
DA:11,2
DA:12,14
DA:13,14
DA:14,14
DA:18,14
DA:19,14
DA:20,14
DA:22,14
DA:23,0
DA:24,0
DA:26,0
DA:29,14
DA:31,8
DA:33,3
DA:35,0
DA:37,3
DA:39,0
DA:41,0
LF:21
LH:15
BRDA:23,0,0,0
BRDA:23,0,1,0
BRDA:29,1,0,8
BRDA:29,1,1,3
BRDA:29,1,2,0
BRDA:29,1,3,3
BRDA:29,1,4,0
BRF:7
BRH:3
end_of_record
